<?xml version="1.0" encoding="UTF-8"?>
<!-- Generated by org.testng.reporters.JUnitReportReporter -->
<testsuite hostname="Biswajit" name="DynamicJson" tests="3" failures="0" timestamp="10 Oct 2020 02:54:01 GMT" time="5.609" errors="0">
  <testcase name="addbook" time="0.469" classname="DynamicJson"/>
  <testcase name="addbook" time="0.424" classname="DynamicJson"/>
  <testcase name="addbook" time="4.716" classname="DynamicJson"/>
</testsuite> <!-- DynamicJson -->
